Determining if the pthread_create exist failed with the following output:
Change Dir: /home/dong/src/5qt/build/qt5_ros_melodic_gui/CMakeFiles/CMakeTmp

Run Build Command:"/usr/bin/make" "cmTC_e788b/fast"
/usr/bin/make -f CMakeFiles/cmTC_e788b.dir/build.make CMakeFiles/cmTC_e788b.dir/build
make[1]: 디렉터리 '/home/dong/src/5qt/build/qt5_ros_melodic_gui/CMakeFiles/CMakeTmp' 들어감
Building C object CMakeFiles/cmTC_e788b.dir/CheckSymbolExists.c.o
/usr/bin/cc    -o CMakeFiles/cmTC_e788b.dir/CheckSymbolExists.c.o   -c /home/dong/src/5qt/build/qt5_ros_melodic_gui/CMakeFiles/CMakeTmp/CheckSymbolExists.c
Linking C executable cmTC_e788b
/usr/bin/cmake -E cmake_link_script CMakeFiles/cmTC_e788b.dir/link.txt --verbose=1
/usr/bin/cc      -rdynamic CMakeFiles/cmTC_e788b.dir/CheckSymbolExists.c.o  -o cmTC_e788b 
CMakeFiles/cmTC_e788b.dir/CheckSymbolExists.c.o: In function `main':
CheckSymbolExists.c:(.text+0x1b): undefined reference to `pthread_create'
collect2: error: ld returned 1 exit status
CMakeFiles/cmTC_e788b.dir/build.make:97: recipe for target 'cmTC_e788b' failed
make[1]: *** [cmTC_e788b] Error 1
make[1]: 디렉터리 '/home/dong/src/5qt/build/qt5_ros_melodic_gui/CMakeFiles/CMakeTmp' 나감
Makefile:126: recipe for target 'cmTC_e788b/fast' failed
make: *** [cmTC_e788b/fast] Error 2

File /home/dong/src/5qt/build/qt5_ros_melodic_gui/CMakeFiles/CMakeTmp/CheckSymbolExists.c:
/* */
#include <pthread.h>

int main(int argc, char** argv)
{
  (void)argv;
#ifndef pthread_create
  return ((int*)(&pthread_create))[argc];
#else
  (void)argc;
  return 0;
#endif
}

Determining if the function pthread_create exists in the pthreads failed with the following output:
Change Dir: /home/dong/src/5qt/build/qt5_ros_melodic_gui/CMakeFiles/CMakeTmp

Run Build Command:"/usr/bin/make" "cmTC_4e209/fast"
/usr/bin/make -f CMakeFiles/cmTC_4e209.dir/build.make CMakeFiles/cmTC_4e209.dir/build
make[1]: 디렉터리 '/home/dong/src/5qt/build/qt5_ros_melodic_gui/CMakeFiles/CMakeTmp' 들어감
Building C object CMakeFiles/cmTC_4e209.dir/CheckFunctionExists.c.o
/usr/bin/cc   -DCHECK_FUNCTION_EXISTS=pthread_create   -o CMakeFiles/cmTC_4e209.dir/CheckFunctionExists.c.o   -c /usr/share/cmake-3.10/Modules/CheckFunctionExists.c
Linking C executable cmTC_4e209
/usr/bin/cmake -E cmake_link_script CMakeFiles/cmTC_4e209.dir/link.txt --verbose=1
/usr/bin/cc  -DCHECK_FUNCTION_EXISTS=pthread_create    -rdynamic CMakeFiles/cmTC_4e209.dir/CheckFunctionExists.c.o  -o cmTC_4e209 -lpthreads 
/usr/bin/ld: cannot find -lpthreads
collect2: error: ld returned 1 exit status
CMakeFiles/cmTC_4e209.dir/build.make:97: recipe for target 'cmTC_4e209' failed
make[1]: *** [cmTC_4e209] Error 1
make[1]: 디렉터리 '/home/dong/src/5qt/build/qt5_ros_melodic_gui/CMakeFiles/CMakeTmp' 나감
Makefile:126: recipe for target 'cmTC_4e209/fast' failed
make: *** [cmTC_4e209/fast] Error 2


