[  0%] Built target std_msgs_generate_messages_lisp
[  0%] Built target roscpp_generate_messages_lisp
[  0%] Built target std_msgs_generate_messages_nodejs
[  0%] Built target rosgraph_msgs_generate_messages_nodejs
[  0%] Built target std_msgs_generate_messages_cpp
[  0%] Built target roscpp_generate_messages_cpp
[  0%] Built target roscpp_generate_messages_eus
[  0%] Built target std_msgs_generate_messages_py
[  0%] Built target roscpp_generate_messages_nodejs
[  0%] Built target rosgraph_msgs_generate_messages_lisp
[  0%] Built target rosgraph_msgs_generate_messages_cpp
[  0%] Built target roscpp_generate_messages_py
[  0%] Built target rosgraph_msgs_generate_messages_eus
[  0%] Built target std_msgs_generate_messages_eus
[  0%] Built target rosgraph_msgs_generate_messages_py
[ 11%] [34m[1mAutomatic MOC for target nav_ui_node[0m
[ 11%] Built target nav_ui_node_autogen
[35m[1mScanning dependencies of target nav_ui_node[0m
[ 22%] [32mBuilding CXX object CMakeFiles/nav_ui_node.dir/src/mainwindow.cpp.o[0m
[ 33%] [32mBuilding CXX object CMakeFiles/nav_ui_node.dir/src/main.cpp.o[0m
[ 44%] [32mBuilding CXX object CMakeFiles/nav_ui_node.dir/nav_ui_node_autogen/mocs_compilation.cpp.o[0m
[ 55%] [32m[1mLinking CXX executable /home/dong/src/5qt/devel/lib/qt5_ros_melodic_gui/nav_ui_node[0m
[100%] Built target nav_ui_node
