Not searching for unused variables given on the command line.
-- Using CATKIN_DEVEL_PREFIX: /home/dong/src/5qt/devel
-- Using CMAKE_PREFIX_PATH: /home/dong/src/5qt/devel;/opt/ros/melodic
-- This workspace overlays: /home/dong/src/5qt/devel;/opt/ros/melodic
-- Found PythonInterp: /usr/bin/python2 (found suitable version "2.7.17", minimum required is "2")
-- Using PYTHON_EXECUTABLE: /usr/bin/python2
-- Using Debian Python package layout
-- Using empy: /usr/bin/empy
-- Using CATKIN_ENABLE_TESTING: ON
-- Call enable_testing()
-- Using CATKIN_TEST_RESULTS_DIR: /home/dong/src/5qt/build/qt5_ros_melodic_gui/test_results
-- Found gtest sources under '/usr/src/googletest': gtests will be built
-- Found gmock sources under '/usr/src/googletest': gmock will be built
-- Found PythonInterp: /usr/bin/python2 (found version "2.7.17")
-- Using Python nosetests: /usr/bin/nosetests-2.7
-- catkin 0.7.28
-- BUILD_SHARED_LIBS is on
-- Using these message generators: gencpp;geneus;genlisp;gennodejs;genpy
-- qt5_ros_melodic_gui: 1 messages, 0 services
-- Marking EXECUTABLE "nav_ui_node" of package "qt5_ros_melodic_gui" for installation
-- Marking HEADER FILES in "include" folder of package "qt5_ros_melodic_gui" for installation
-- Configuring done
-- Generating done
-- Build files have been written to: /home/dong/src/5qt/build/qt5_ros_melodic_gui
