Not searching for unused variables given on the command line.
[36m--[0m The C compiler identification is GNU 7.5.0
[36m--[0m The CXX compiler identification is GNU 7.5.0
[36m--[0m Check for working C compiler: /usr/bin/cc
[36m--[0m Check for working C compiler: /usr/bin/cc -- works
[36m--[0m Detecting C compiler ABI info
[36m--[0m Detecting C compiler ABI info - done
[36m--[0m Detecting C compile features
[36m--[0m Detecting C compile features - done
[36m--[0m Check for working CXX compiler: /usr/bin/c++
[36m--[0m Check for working CXX compiler: /usr/bin/c++ -- works
[36m--[0m Detecting CXX compiler ABI info
[36m--[0m Detecting CXX compiler ABI info - done
[36m--[0m Detecting CXX compile features
[36m--[0m Detecting CXX compile features - done
[36m--[0m Using CATKIN_DEVEL_PREFIX: /home/dong/src/5qt/devel
[36m--[0m Using CMAKE_PREFIX_PATH: /home/dong/src/5qt/devel;/opt/ros/melodic
[36m--[0m This workspace overlays: /home/dong/src/5qt/devel;/opt/ros/melodic
[36m--[0m Found PythonInterp: /usr/bin/python2 (found suitable version "2.7.17", minimum required is "2")
[36m--[0m Using PYTHON_EXECUTABLE: /usr/bin/python2
[36m--[0m Using Debian Python package layout
[36m--[0m Using empy: /usr/bin/empy
[36m--[0m Using CATKIN_ENABLE_TESTING: ON
[36m--[0m Call enable_testing()
[36m--[0m Using CATKIN_TEST_RESULTS_DIR: /home/dong/src/5qt/build/qt5_ros_melodic_gui/test_results
[36m--[0m Found gtest sources under '/usr/src/googletest': gtests will be built
[36m--[0m Found gmock sources under '/usr/src/googletest': gmock will be built
[36m--[0m Found PythonInterp: /usr/bin/python2 (found version "2.7.17")
[36m--[0m Looking for pthread.h
[36m--[0m Looking for pthread.h - found
[36m--[0m Looking for pthread_create
[36m--[0m Looking for pthread_create - not found
[36m--[0m Looking for pthread_create in pthreads
[36m--[0m Looking for pthread_create in pthreads - not found
[36m--[0m Looking for pthread_create in pthread
[36m--[0m Looking for pthread_create in pthread - found
[36m--[0m Found Threads: TRUE
[36m--[0m Using Python nosetests: /usr/bin/nosetests-2.7
[36m--[0m catkin 0.7.28
[36m--[0m BUILD_SHARED_LIBS is on
[36m--[0m Using these message generators: gencpp;geneus;genlisp;gennodejs;genpy
[36m--[0m qt5_ros_melodic_gui: 1 messages, 0 services
[36m--[0m Could NOT find Qt5WebEengineWidgets (missing: Qt5WebEengineWidgets_DIR)
[33m[1mCMake Warning[0m at /home/dong/src/5qt/src/qt5_ros_melodic_gui/CMakeLists.txt:30 (find_package):
  Found package configuration file:

    /usr/lib/x86_64-linux-gnu/cmake/Qt5/Qt5Config.cmake

  but it set Qt5_FOUND to FALSE so package "Qt5" is considered to be NOT
  FOUND.  Reason given by package:

  Failed to find Qt5 component "WebEengineWidgets" config file at
  "/usr/lib/x86_64-linux-gnu/cmake/Qt5WebEengineWidgets/Qt5WebEengineWidgetsConfig.cmake"






[36m--[0m Marking EXECUTABLE "nav_ui_node" of package "qt5_ros_melodic_gui" for installation
[36m--[0m Marking HEADER FILES in "include" folder of package "qt5_ros_melodic_gui" for installation
[36m--[0m Configuring done
CMake Warning (dev) at /home/dong/src/5qt/devel/share/catkin_simple/cmake/catkin_simple-extras.cmake:133 (add_executable):
  Policy CMP0028 is not set: Double colon in target name means ALIAS or
  IMPORTED target.  Run "cmake --help-policy CMP0028" for policy details.
  Use the cmake_policy command to set the policy and suppress this warning.

  Target "nav_ui_node" links to target "Qt5::WebEngineWidgets" but the target
  was not found.  Perhaps a find_package() call is missing for an IMPORTED
  target, or an ALIAS target is missing?
[36mCall Stack (most recent call first):[0m
  CMakeLists.txt:73 (cs_add_executable)
This warning is for project developers.  Use -Wno-dev to suppress it.

[36m--[0m Generating done
[36m--[0m Build files have been written to: /home/dong/src/5qt/build/qt5_ros_melodic_gui
