Determining if the pthread_create exist failed with the following output:
Change Dir: /home/dong/src/5qt/build/catkin_simple/CMakeFiles/CMakeTmp

Run Build Command:"/usr/bin/make" "cmTC_ef756/fast"
/usr/bin/make -f CMakeFiles/cmTC_ef756.dir/build.make CMakeFiles/cmTC_ef756.dir/build
make[1]: 디렉터리 '/home/dong/src/5qt/build/catkin_simple/CMakeFiles/CMakeTmp' 들어감
Building C object CMakeFiles/cmTC_ef756.dir/CheckSymbolExists.c.o
/usr/bin/cc    -o CMakeFiles/cmTC_ef756.dir/CheckSymbolExists.c.o   -c /home/dong/src/5qt/build/catkin_simple/CMakeFiles/CMakeTmp/CheckSymbolExists.c
Linking C executable cmTC_ef756
/usr/bin/cmake -E cmake_link_script CMakeFiles/cmTC_ef756.dir/link.txt --verbose=1
/usr/bin/cc      -rdynamic CMakeFiles/cmTC_ef756.dir/CheckSymbolExists.c.o  -o cmTC_ef756 
CMakeFiles/cmTC_ef756.dir/CheckSymbolExists.c.o: In function `main':
CheckSymbolExists.c:(.text+0x1b): undefined reference to `pthread_create'
collect2: error: ld returned 1 exit status
CMakeFiles/cmTC_ef756.dir/build.make:97: recipe for target 'cmTC_ef756' failed
make[1]: *** [cmTC_ef756] Error 1
make[1]: 디렉터리 '/home/dong/src/5qt/build/catkin_simple/CMakeFiles/CMakeTmp' 나감
Makefile:126: recipe for target 'cmTC_ef756/fast' failed
make: *** [cmTC_ef756/fast] Error 2

File /home/dong/src/5qt/build/catkin_simple/CMakeFiles/CMakeTmp/CheckSymbolExists.c:
/* */
#include <pthread.h>

int main(int argc, char** argv)
{
  (void)argv;
#ifndef pthread_create
  return ((int*)(&pthread_create))[argc];
#else
  (void)argc;
  return 0;
#endif
}

Determining if the function pthread_create exists in the pthreads failed with the following output:
Change Dir: /home/dong/src/5qt/build/catkin_simple/CMakeFiles/CMakeTmp

Run Build Command:"/usr/bin/make" "cmTC_31af3/fast"
/usr/bin/make -f CMakeFiles/cmTC_31af3.dir/build.make CMakeFiles/cmTC_31af3.dir/build
make[1]: 디렉터리 '/home/dong/src/5qt/build/catkin_simple/CMakeFiles/CMakeTmp' 들어감
Building C object CMakeFiles/cmTC_31af3.dir/CheckFunctionExists.c.o
/usr/bin/cc   -DCHECK_FUNCTION_EXISTS=pthread_create   -o CMakeFiles/cmTC_31af3.dir/CheckFunctionExists.c.o   -c /usr/share/cmake-3.10/Modules/CheckFunctionExists.c
Linking C executable cmTC_31af3
/usr/bin/cmake -E cmake_link_script CMakeFiles/cmTC_31af3.dir/link.txt --verbose=1
/usr/bin/cc  -DCHECK_FUNCTION_EXISTS=pthread_create    -rdynamic CMakeFiles/cmTC_31af3.dir/CheckFunctionExists.c.o  -o cmTC_31af3 -lpthreads 
/usr/bin/ld: cannot find -lpthreads
collect2: error: ld returned 1 exit status
CMakeFiles/cmTC_31af3.dir/build.make:97: recipe for target 'cmTC_31af3' failed
make[1]: *** [cmTC_31af3] Error 1
make[1]: 디렉터리 '/home/dong/src/5qt/build/catkin_simple/CMakeFiles/CMakeTmp' 나감
Makefile:126: recipe for target 'cmTC_31af3/fast' failed
make: *** [cmTC_31af3/fast] Error 2


